2020-04-11 01:19:01,163 INFO Background logger started
2020-04-11 01:19:08,037 INFO 1.5.1
2020-04-11 01:19:08,038 INFO The GPU count is [0]
2020-04-11 01:19:24,369 INFO First sample:
2020-04-11 01:19:24,375 INFO                   Open        High         Low       Close   Adj Close  \
Date                                                                     
1995-01-01  459.209991  471.359985  457.200012  470.420013  470.420013   

                Volume  
Date                    
1995-01-01  6852060000  
2020-04-11 01:19:24,379 INFO 
Last sample:
2020-04-11 01:19:24,382 INFO                    Open        High          Low        Close    Adj Close  \
Date                                                                         
2019-07-01  2971.409912  3027.97998  2952.219971  2980.379883  2980.379883   

                 Volume  
Date                     
2019-07-01  70349470000  
2020-04-11 01:19:31,187 INFO Using CPU
2020-04-11 01:19:31,191 INFO Using CPU
2020-04-11 01:19:31,192 INFO Using CPU
2020-04-11 01:19:31,195 INFO Start model training
2020-04-11 01:19:31,202 INFO Epoch[0] Learning rate is 0.001
2020-04-11 01:19:31,420 INFO Number of parameters in DeepARTrainingNetwork: 23324
2020-04-11 01:19:33,217 INFO Epoch[0] Elapsed time 2.015 seconds
2020-04-11 01:19:33,217 INFO Epoch[0] Evaluation metric 'epoch_loss'=6.902397
2020-04-11 01:19:33,221 INFO Epoch[1] Learning rate is 0.001
2020-04-11 01:19:35,142 INFO Epoch[1] Elapsed time 1.921 seconds
2020-04-11 01:19:35,142 INFO Epoch[1] Evaluation metric 'epoch_loss'=6.124507
2020-04-11 01:19:35,146 INFO Epoch[2] Learning rate is 0.001
2020-04-11 01:19:37,258 INFO Epoch[2] Elapsed time 2.112 seconds
2020-04-11 01:19:37,258 INFO Epoch[2] Evaluation metric 'epoch_loss'=5.806222
2020-04-11 01:19:37,262 INFO Epoch[3] Learning rate is 0.001
2020-04-11 01:19:39,277 INFO Epoch[3] Elapsed time 2.015 seconds
2020-04-11 01:19:39,277 INFO Epoch[3] Evaluation metric 'epoch_loss'=5.670565
2020-04-11 01:19:39,283 INFO Epoch[4] Learning rate is 0.001
2020-04-11 01:19:41,204 INFO Epoch[4] Elapsed time 1.921 seconds
2020-04-11 01:19:41,204 INFO Epoch[4] Evaluation metric 'epoch_loss'=5.563244
2020-04-11 01:19:41,208 INFO Epoch[5] Learning rate is 0.001
2020-04-11 01:19:43,122 INFO Epoch[5] Elapsed time 1.913 seconds
2020-04-11 01:19:43,122 INFO Epoch[5] Evaluation metric 'epoch_loss'=5.512273
2020-04-11 01:19:43,126 INFO Epoch[6] Learning rate is 0.001
2020-04-11 01:19:45,055 INFO Epoch[6] Elapsed time 1.930 seconds
2020-04-11 01:19:45,056 INFO Epoch[6] Evaluation metric 'epoch_loss'=5.478743
2020-04-11 01:19:45,060 INFO Epoch[7] Learning rate is 0.001
2020-04-11 01:19:46,951 INFO Epoch[7] Elapsed time 1.891 seconds
2020-04-11 01:19:46,954 INFO Epoch[7] Evaluation metric 'epoch_loss'=5.425653
2020-04-11 01:19:46,958 INFO Epoch[8] Learning rate is 0.001
2020-04-11 01:19:48,878 INFO Epoch[8] Elapsed time 1.920 seconds
2020-04-11 01:19:48,878 INFO Epoch[8] Evaluation metric 'epoch_loss'=5.387749
2020-04-11 01:19:48,882 INFO Epoch[9] Learning rate is 0.001
2020-04-11 01:19:50,808 INFO Epoch[9] Elapsed time 1.925 seconds
2020-04-11 01:19:50,808 INFO Epoch[9] Evaluation metric 'epoch_loss'=5.349414
2020-04-11 01:19:50,812 INFO Epoch[10] Learning rate is 0.001
2020-04-11 01:19:52,730 INFO Epoch[10] Elapsed time 1.918 seconds
2020-04-11 01:19:52,730 INFO Epoch[10] Evaluation metric 'epoch_loss'=5.315144
2020-04-11 01:19:52,734 INFO Epoch[11] Learning rate is 0.001
2020-04-11 01:19:54,642 INFO Epoch[11] Elapsed time 1.908 seconds
2020-04-11 01:19:54,642 INFO Epoch[11] Evaluation metric 'epoch_loss'=5.322535
2020-04-11 01:19:54,642 INFO Epoch[12] Learning rate is 0.001
2020-04-11 01:19:56,541 INFO Epoch[12] Elapsed time 1.898 seconds
2020-04-11 01:19:56,541 INFO Epoch[12] Evaluation metric 'epoch_loss'=5.296049
2020-04-11 01:19:56,545 INFO Epoch[13] Learning rate is 0.001
2020-04-11 01:19:58,456 INFO Epoch[13] Elapsed time 1.911 seconds
2020-04-11 01:19:58,456 INFO Epoch[13] Evaluation metric 'epoch_loss'=5.285068
2020-04-11 01:19:58,462 INFO Epoch[14] Learning rate is 0.001
2020-04-11 01:20:00,360 INFO Epoch[14] Elapsed time 1.898 seconds
2020-04-11 01:20:00,362 INFO Epoch[14] Evaluation metric 'epoch_loss'=5.244093
2020-04-11 01:20:00,366 INFO Epoch[15] Learning rate is 0.001
2020-04-11 01:20:02,335 INFO Epoch[15] Elapsed time 1.969 seconds
2020-04-11 01:20:02,335 INFO Epoch[15] Evaluation metric 'epoch_loss'=5.217846
2020-04-11 01:20:02,338 INFO Epoch[16] Learning rate is 0.001
2020-04-11 01:20:04,285 INFO Epoch[16] Elapsed time 1.946 seconds
2020-04-11 01:20:04,285 INFO Epoch[16] Evaluation metric 'epoch_loss'=5.264011
2020-04-11 01:20:04,285 INFO Epoch[17] Learning rate is 0.001
2020-04-11 01:20:06,203 INFO Epoch[17] Elapsed time 1.918 seconds
2020-04-11 01:20:06,203 INFO Epoch[17] Evaluation metric 'epoch_loss'=5.206695
2020-04-11 01:20:06,209 INFO Epoch[18] Learning rate is 0.001
2020-04-11 01:20:08,134 INFO Epoch[18] Elapsed time 1.925 seconds
2020-04-11 01:20:08,134 INFO Epoch[18] Evaluation metric 'epoch_loss'=5.169112
2020-04-11 01:20:08,138 INFO Epoch[19] Learning rate is 0.001
2020-04-11 01:20:10,060 INFO Epoch[19] Elapsed time 1.922 seconds
2020-04-11 01:20:10,060 INFO Epoch[19] Evaluation metric 'epoch_loss'=5.188468
2020-04-11 01:20:10,061 INFO Loading parameters from best epoch (18)
2020-04-11 01:20:10,062 INFO Final loss: 5.169112033843994 (occurred at epoch 18)
2020-04-11 01:20:10,066 INFO End model training
