2020-04-11 01:14:15,519 INFO Background logger started
2020-04-11 01:14:18,347 INFO 1.5.1
2020-04-11 01:14:18,348 INFO The GPU count is [0]
2020-04-11 01:14:32,602 INFO First sample:
2020-04-11 01:14:32,606 INFO                   Open        High         Low       Close   Adj Close  \
Date                                                                     
1995-01-01  459.209991  471.359985  457.200012  470.420013  470.420013   

                Volume  
Date                    
1995-01-01  6852060000  
2020-04-11 01:14:32,615 INFO 
Last sample:
2020-04-11 01:14:32,619 INFO                    Open        High          Low        Close    Adj Close  \
Date                                                                         
2019-07-01  2971.409912  3027.97998  2952.219971  2980.379883  2980.379883   

                 Volume  
Date                     
2019-07-01  70349470000  
2020-04-11 01:15:15,226 INFO Using CPU
2020-04-11 01:15:15,230 INFO Using CPU
2020-04-11 01:15:15,232 INFO Using CPU
2020-04-11 01:15:15,235 INFO Start model training
2020-04-11 01:15:15,241 INFO Epoch[0] Learning rate is 0.001
2020-04-11 01:15:17,019 INFO Number of parameters in DeepARTrainingNetwork: 23324
2020-04-11 01:15:18,816 INFO Epoch[0] Elapsed time 3.575 seconds
2020-04-11 01:15:18,817 INFO Epoch[0] Evaluation metric 'epoch_loss'=6.932913
2020-04-11 01:15:18,820 INFO Epoch[1] Learning rate is 0.001
2020-04-11 01:15:20,719 INFO Epoch[1] Elapsed time 1.899 seconds
2020-04-11 01:15:20,722 INFO Epoch[1] Evaluation metric 'epoch_loss'=6.043977
2020-04-11 01:15:20,725 INFO Epoch[2] Learning rate is 0.001
2020-04-11 01:15:22,619 INFO Epoch[2] Elapsed time 1.894 seconds
2020-04-11 01:15:22,620 INFO Epoch[2] Evaluation metric 'epoch_loss'=5.761260
2020-04-11 01:15:22,624 INFO Epoch[3] Learning rate is 0.001
2020-04-11 01:15:24,537 INFO Epoch[3] Elapsed time 1.913 seconds
2020-04-11 01:15:24,537 INFO Epoch[3] Evaluation metric 'epoch_loss'=5.664722
2020-04-11 01:15:24,540 INFO Epoch[4] Learning rate is 0.001
2020-04-11 01:15:26,438 INFO Epoch[4] Elapsed time 1.897 seconds
2020-04-11 01:15:26,438 INFO Epoch[4] Evaluation metric 'epoch_loss'=5.566565
2020-04-11 01:15:26,443 INFO Epoch[5] Learning rate is 0.001
2020-04-11 01:15:28,351 INFO Epoch[5] Elapsed time 1.907 seconds
2020-04-11 01:15:28,353 INFO Epoch[5] Evaluation metric 'epoch_loss'=5.515205
2020-04-11 01:15:28,357 INFO Epoch[6] Learning rate is 0.001
2020-04-11 01:15:30,252 INFO Epoch[6] Elapsed time 1.895 seconds
2020-04-11 01:15:30,252 INFO Epoch[6] Evaluation metric 'epoch_loss'=5.460501
2020-04-11 01:15:30,256 INFO Epoch[7] Learning rate is 0.001
2020-04-11 01:15:32,140 INFO Epoch[7] Elapsed time 1.884 seconds
2020-04-11 01:15:32,140 INFO Epoch[7] Evaluation metric 'epoch_loss'=5.434744
2020-04-11 01:15:32,144 INFO Epoch[8] Learning rate is 0.001
2020-04-11 01:15:34,026 INFO Epoch[8] Elapsed time 1.882 seconds
2020-04-11 01:15:34,026 INFO Epoch[8] Evaluation metric 'epoch_loss'=5.388390
2020-04-11 01:15:34,030 INFO Epoch[9] Learning rate is 0.001
2020-04-11 01:15:35,914 INFO Epoch[9] Elapsed time 1.884 seconds
2020-04-11 01:15:35,914 INFO Epoch[9] Evaluation metric 'epoch_loss'=5.357935
2020-04-11 01:15:35,918 INFO Epoch[10] Learning rate is 0.001
2020-04-11 01:15:37,798 INFO Epoch[10] Elapsed time 1.879 seconds
2020-04-11 01:15:37,798 INFO Epoch[10] Evaluation metric 'epoch_loss'=5.327916
2020-04-11 01:15:37,803 INFO Epoch[11] Learning rate is 0.001
2020-04-11 01:15:39,696 INFO Epoch[11] Elapsed time 1.893 seconds
2020-04-11 01:15:39,699 INFO Epoch[11] Evaluation metric 'epoch_loss'=5.323506
2020-04-11 01:15:39,702 INFO Epoch[12] Learning rate is 0.001
2020-04-11 01:15:41,575 INFO Epoch[12] Elapsed time 1.872 seconds
2020-04-11 01:15:41,575 INFO Epoch[12] Evaluation metric 'epoch_loss'=5.276877
2020-04-11 01:15:41,579 INFO Epoch[13] Learning rate is 0.001
2020-04-11 01:15:43,460 INFO Epoch[13] Elapsed time 1.881 seconds
2020-04-11 01:15:43,462 INFO Epoch[13] Evaluation metric 'epoch_loss'=5.250861
2020-04-11 01:15:43,467 INFO Epoch[14] Learning rate is 0.001
2020-04-11 01:15:45,362 INFO Epoch[14] Elapsed time 1.895 seconds
2020-04-11 01:15:45,365 INFO Epoch[14] Evaluation metric 'epoch_loss'=5.241388
2020-04-11 01:15:45,369 INFO Epoch[15] Learning rate is 0.001
2020-04-11 01:15:47,326 INFO Epoch[15] Elapsed time 1.956 seconds
2020-04-11 01:15:47,326 INFO Epoch[15] Evaluation metric 'epoch_loss'=5.223038
2020-04-11 01:15:47,330 INFO Epoch[16] Learning rate is 0.001
2020-04-11 01:15:49,339 INFO Epoch[16] Elapsed time 2.009 seconds
2020-04-11 01:15:49,339 INFO Epoch[16] Evaluation metric 'epoch_loss'=5.221652
2020-04-11 01:15:49,343 INFO Epoch[17] Learning rate is 0.001
2020-04-11 01:15:51,221 INFO Epoch[17] Elapsed time 1.878 seconds
2020-04-11 01:15:51,221 INFO Epoch[17] Evaluation metric 'epoch_loss'=5.226377
2020-04-11 01:15:51,224 INFO Epoch[18] Learning rate is 0.001
2020-04-11 01:15:53,130 INFO Epoch[18] Elapsed time 1.905 seconds
2020-04-11 01:15:53,130 INFO Epoch[18] Evaluation metric 'epoch_loss'=5.152941
2020-04-11 01:15:53,134 INFO Epoch[19] Learning rate is 0.001
2020-04-11 01:15:55,045 INFO Epoch[19] Elapsed time 1.911 seconds
2020-04-11 01:15:55,045 INFO Epoch[19] Evaluation metric 'epoch_loss'=5.188342
2020-04-11 01:15:55,046 INFO Loading parameters from best epoch (18)
2020-04-11 01:15:55,050 INFO Final loss: 5.152941284179687 (occurred at epoch 18)
2020-04-11 01:15:55,054 INFO End model training
